<?xml version="1.0" encoding="UTF-8"?>
<!-- Generated by org.testng.reporters.JUnitXMLReporter -->
<testsuite hostname="TNT06010275" name="Command line test" tests="14" failures="14" timestamp="27 Feb 2017 10:46:58 GMT" time="0.961" errors="0">
  <testcase name="addComputerTest" time="0.861" classname="com.backbase.automation.tests.AddComputerTest">
    <failure type="java.lang.NullPointerException">
      <![CDATA[java.lang.NullPointerException
	at com.backbase.automation.tests.AddComputerTest.addComputerTest(AddComputerTest.java:46)
... Removed 34 stack frames]]>
    </failure>
  </testcase> <!-- addComputerTest -->
  <testcase name="cancelComputerDataTest" time="0.006" classname="com.backbase.automation.tests.CancelComputerDataTest">
    <failure type="java.lang.NullPointerException">
      <![CDATA[java.lang.NullPointerException
	at com.backbase.automation.tests.CancelComputerDataTest.cancelComputerDataTest(CancelComputerDataTest.java:43)
... Removed 34 stack frames]]>
    </failure>
  </testcase> <!-- cancelComputerDataTest -->
  <testcase name="computerNameMaxLengthTest" time="0.007" classname="com.backbase.automation.tests.ComputerNameMaxLengthTest">
    <failure type="java.lang.NullPointerException">
      <![CDATA[java.lang.NullPointerException
	at com.backbase.automation.tests.ComputerNameMaxLengthTest.computerNameMaxLengthTest(ComputerNameMaxLengthTest.java:54)
... Removed 34 stack frames]]>
    </failure>
  </testcase> <!-- computerNameMaxLengthTest -->
  <testcase name="saveComputerWithInvalidDiscontinuedDate" time="0.005" classname="com.backbase.automation.tests.ComputerPageValidationTest">
    <failure type="java.lang.NullPointerException">
      <![CDATA[java.lang.NullPointerException
	at com.backbase.automation.tests.ComputerPageValidationTest.saveComputerWithInvalidDiscontinuedDate(ComputerPageValidationTest.java:110)
... Removed 34 stack frames]]>
    </failure>
  </testcase> <!-- saveComputerWithInvalidDiscontinuedDate -->
  <testcase name="saveComputerWithInvalidIntroducedDate" time="0.006" classname="com.backbase.automation.tests.ComputerPageValidationTest">
    <failure type="java.lang.NullPointerException">
      <![CDATA[java.lang.NullPointerException
	at com.backbase.automation.tests.ComputerPageValidationTest.saveComputerWithInvalidIntroducedDate(ComputerPageValidationTest.java:75)
... Removed 34 stack frames]]>
    </failure>
  </testcase> <!-- saveComputerWithInvalidIntroducedDate -->
  <testcase name="saveComputerWithoutData" time="0.006" classname="com.backbase.automation.tests.ComputerPageValidationTest">
    <failure type="java.lang.NullPointerException">
      <![CDATA[java.lang.NullPointerException
	at com.backbase.automation.tests.ComputerPageValidationTest.saveComputerWithoutData(ComputerPageValidationTest.java:41)
... Removed 34 stack frames]]>
    </failure>
  </testcase> <!-- saveComputerWithoutData -->
  <testcase name="nextPageNavigationTest" time="0.006" classname="com.backbase.automation.tests.PageRefreshTest">
    <failure type="java.lang.NullPointerException">
      <![CDATA[java.lang.NullPointerException
	at com.backbase.automation.tests.PageRefreshTest.nextPageNavigationTest(PageRefreshTest.java:48)
... Removed 34 stack frames]]>
    </failure>
  </testcase> <!-- nextPageNavigationTest -->
  <testcase name="nextPageNavigationTest" time="0.006" classname="com.backbase.automation.tests.pageNavigationTest">
    <failure type="java.lang.NullPointerException">
      <![CDATA[java.lang.NullPointerException
	at com.backbase.automation.tests.pageNavigationTest.nextPageNavigationTest(pageNavigationTest.java:38)
... Removed 34 stack frames]]>
    </failure>
  </testcase> <!-- nextPageNavigationTest -->
  <testcase name="previousPageNavigationTest" time="0.005" classname="com.backbase.automation.tests.pageNavigationTest">
    <failure type="java.lang.NullPointerException">
      <![CDATA[java.lang.NullPointerException
	at com.backbase.automation.tests.pageNavigationTest.previousPageNavigationTest(pageNavigationTest.java:61)
... Removed 34 stack frames]]>
    </failure>
  </testcase> <!-- previousPageNavigationTest -->
  <testcase name="deleteComputerTest" time="0.005" classname="com.backbase.automation.tests.DeleteComputerTest">
    <failure type="java.lang.NullPointerException">
      <![CDATA[java.lang.NullPointerException
	at com.backbase.automation.tests.DeleteComputerTest.deleteComputerTest(DeleteComputerTest.java:65)
... Removed 34 stack frames]]>
    </failure>
  </testcase> <!-- deleteComputerTest -->
  <testcase name="EditcomputerTest" time="0.004" classname="com.backbase.automation.tests.EditcomputerTest">
    <failure type="java.lang.NullPointerException">
      <![CDATA[java.lang.NullPointerException
	at com.backbase.automation.tests.EditcomputerTest.EditcomputerTest(EditcomputerTest.java:68)
... Removed 34 stack frames]]>
    </failure>
  </testcase> <!-- EditcomputerTest -->
  <testcase name="LaunchapplicationTest" time="0.004" classname="com.backbase.automation.tests.LaunchapplicationTest">
    <failure type="java.lang.NullPointerException">
      <![CDATA[java.lang.NullPointerException
	at com.backbase.automation.tests.LaunchapplicationTest.LaunchapplicationTest(LaunchapplicationTest.java:33)
... Removed 34 stack frames]]>
    </failure>
  </testcase> <!-- LaunchapplicationTest -->
  <testcase name="searchComputerTest" time="0.003" classname="com.backbase.automation.tests.SearchComputerTest">
    <failure type="java.lang.NullPointerException">
      <![CDATA[java.lang.NullPointerException
	at com.backbase.automation.tests.SearchComputerTest.searchComputerTest(SearchComputerTest.java:52)
... Removed 34 stack frames]]>
    </failure>
  </testcase> <!-- searchComputerTest -->
  <testcase name="searchComputerTest" time="0.004" classname="com.backbase.automation.tests.SearchWithInvalidDataTest">
    <failure type="java.lang.NullPointerException">
      <![CDATA[java.lang.NullPointerException
	at com.backbase.automation.tests.SearchWithInvalidDataTest.searchComputerTest(SearchWithInvalidDataTest.java:54)
... Removed 34 stack frames]]>
    </failure>
  </testcase> <!-- searchComputerTest -->
</testsuite> <!-- Command line test -->
