<?xml version="1.0" encoding="UTF-8" ?>
<testsuite tests="14" failures="14" name="TestSuite" time="0.938" errors="0" skipped="0">
  <properties>
[...]
</properties>
  <testcase classname="com.backbase.automation.tests.AddComputerTest" name="addComputerTest" time="0.864">
    <failure type="java.lang.NullPointerException">java.lang.NullPointerException
	at com.backbase.automation.tests.AddComputerTest.addComputerTest(AddComputerTest.java:46)
</failure>
    <system-out>Configuring TestNG with: org.apache.maven.surefire.testng.conf.TestNG652Configurator@77556fd
</system-out>
  </testcase>
  <testcase classname="com.backbase.automation.tests.CancelComputerDataTest" name="cancelComputerDataTest" time="0.004">
    <failure type="java.lang.NullPointerException">java.lang.NullPointerException
	at com.backbase.automation.tests.CancelComputerDataTest.cancelComputerDataTest(CancelComputerDataTest.java:43)
</failure>
  </testcase>
  <testcase classname="com.backbase.automation.tests.ComputerNameMaxLengthTest" name="computerNameMaxLengthTest" time="0.007">
    <failure type="java.lang.NullPointerException">java.lang.NullPointerException
	at com.backbase.automation.tests.ComputerNameMaxLengthTest.computerNameMaxLengthTest(ComputerNameMaxLengthTest.java:54)
</failure>
  </testcase>
  <testcase classname="com.backbase.automation.tests.ComputerPageValidationTest" name="saveComputerWithInvalidDiscontinuedDate" time="0.006">
    <failure type="java.lang.NullPointerException">java.lang.NullPointerException
	at com.backbase.automation.tests.ComputerPageValidationTest.saveComputerWithInvalidDiscontinuedDate(ComputerPageValidationTest.java:110)
</failure>
  </testcase>
  <testcase classname="com.backbase.automation.tests.ComputerPageValidationTest" name="saveComputerWithInvalidIntroducedDate" time="0.01">
    <failure type="java.lang.NullPointerException">java.lang.NullPointerException
	at com.backbase.automation.tests.ComputerPageValidationTest.saveComputerWithInvalidIntroducedDate(ComputerPageValidationTest.java:75)
</failure>
  </testcase>
  <testcase classname="com.backbase.automation.tests.ComputerPageValidationTest" name="saveComputerWithoutData" time="0.006">
    <failure type="java.lang.NullPointerException">java.lang.NullPointerException
	at com.backbase.automation.tests.ComputerPageValidationTest.saveComputerWithoutData(ComputerPageValidationTest.java:41)
</failure>
  </testcase>
  <testcase classname="com.backbase.automation.tests.PageRefreshTest" name="nextPageNavigationTest" time="0.007">
    <failure type="java.lang.NullPointerException">java.lang.NullPointerException
	at com.backbase.automation.tests.PageRefreshTest.nextPageNavigationTest(PageRefreshTest.java:48)
</failure>
  </testcase>
  <testcase classname="com.backbase.automation.tests.pageNavigationTest" name="nextPageNavigationTest" time="0.008">
    <failure type="java.lang.NullPointerException">java.lang.NullPointerException
	at com.backbase.automation.tests.pageNavigationTest.nextPageNavigationTest(pageNavigationTest.java:38)
</failure>
  </testcase>
  <testcase classname="com.backbase.automation.tests.pageNavigationTest" name="previousPageNavigationTest" time="0.004">
    <failure type="java.lang.NullPointerException">java.lang.NullPointerException
	at com.backbase.automation.tests.pageNavigationTest.previousPageNavigationTest(pageNavigationTest.java:61)
</failure>
  </testcase>
  <testcase classname="com.backbase.automation.tests.DeleteComputerTest" name="deleteComputerTest" time="0.005">
    <failure type="java.lang.NullPointerException">java.lang.NullPointerException
	at com.backbase.automation.tests.DeleteComputerTest.deleteComputerTest(DeleteComputerTest.java:65)
</failure>
  </testcase>
  <testcase classname="com.backbase.automation.tests.EditcomputerTest" name="EditcomputerTest" time="0.005">
    <failure type="java.lang.NullPointerException">java.lang.NullPointerException
	at com.backbase.automation.tests.EditcomputerTest.EditcomputerTest(EditcomputerTest.java:68)
</failure>
  </testcase>
  <testcase classname="com.backbase.automation.tests.LaunchapplicationTest" name="LaunchapplicationTest" time="0.004">
    <failure type="java.lang.NullPointerException">java.lang.NullPointerException
	at com.backbase.automation.tests.LaunchapplicationTest.LaunchapplicationTest(LaunchapplicationTest.java:33)
</failure>
  </testcase>
  <testcase classname="com.backbase.automation.tests.SearchComputerTest" name="searchComputerTest" time="0.003">
    <failure type="java.lang.NullPointerException">java.lang.NullPointerException
	at com.backbase.automation.tests.SearchComputerTest.searchComputerTest(SearchComputerTest.java:52)
</failure>
  </testcase>
  <testcase classname="com.backbase.automation.tests.SearchWithInvalidDataTest" name="searchComputerTest" time="0.005">
    <failure type="java.lang.NullPointerException">java.lang.NullPointerException
	at com.backbase.automation.tests.SearchWithInvalidDataTest.searchComputerTest(SearchWithInvalidDataTest.java:54)
</failure>
  </testcase>
</testsuite>